[    0.000000] Linux version 4.15.0-32-generic (buildd@lgw01-amd64-039) (gcc vesin 7.3.0 (Ubuntu 7.3.0-16ubuntu3)) #35-Ubuntu SMP Fri Aug 10 17:58:07 UTC 2018 (Ubuntu 4.15.0-32.35-generic 4.15.18)
[    0.000000] Command line: BOOT_IMAGE=/boot/vmlinuz-4.15.0-32-generic root=LABEL=cloudimg-rootfs ro console=tty1 console=ttyS0
[    0.000000] KERNEL supported cpus:
[    0.000000]   Intel GenuineIntel
[    0.0000]   AMD AuthenticAMD
[    0.000000]   Centaur CentaurHauls
[   .000000] x86/fpu: Supporting XSAVE feature 0x001: 'x87 floating point registers'
[    0.000000] x86/fpu: Supporting XSAVE feature 0x002: 'SSE registers'
[    0.000000] x86/fpu: Supporting XSAVE feature 0x004: 'AVX registers'
[    0.000000] x86/fpu: xstate_offset[2]:  576, xstate_sizes[2]:  25
[    0.000000] x86/fpu: Enabled xstate features 0x7, context size is 832 bytes, using 'standard' format.
[    0.000000] e820: BIOS-provided physical RAM map:
[    0.000000] BIOS-e820: [mem 0x0000000000000000-0x000000000009fbff] usable
[    0.000000] BIOS-e820: [mem 0x000000000009fc00-0x000000000009ffff] reserved
[    0.000000] BIOS-e820: [mem 0x00000000000f0000-0x00000000000fffff] reserved
[    0.000000] BIOS-e820: [mem 0x0000000000100000-0x0000000018feffff] usable
[    0.000000] BIOS-e820: [mem 0x0000000018ff0000-0x0000000018ffffff] ACPI data
[    0.000000] BIOS-e820: [mem 0x00000000fec00000-0x00000000fec00fff] reserved
[    0.000000] BIOS-e820: [mem 0x00000000fee00000-0x00000000fee00fff] reserved
[    0.000000] BIOS-e820: [mem 0x00000000fffc0000-0x00000000ffffffff] reserved
[    0.000000] NX (Execute Disable) protection: active
[    0.000000] SMBIOS 2.5 pesnt.
[    0.000000] DMI: innotek GmbH VirtualBox/VirtualBox, BIOS VirtualBox 12/01/2006
[    0.000000] Hypervisor detected: KVM
[    0.000000] e820: last_pfn = 0x18ff0 max_arch_pfn = 0x400000000
[    0.000000] MTRR: Disabled
[    0.000000] x86/PAT: MTRRs disabled, skipping PAT initialization too.
[    0.000000] CPU MTRRs all blank - virtualized system.
[    0.000000] x86/PAT: Configuration [0-7]: WB  WT  UC- UC  WB  WT  UC- UC  
[    0.000000] found SMP MP-table at [mem 0x0009fff0-0x0009ffff] mapped at [        (ptrval)]
[    0.000000] Scanning 1 areas for low memory corruption
[    0.000000] RAMDISK: [mem 0x16bd8000-0x17e5cfff]
[    0.000000] ACPI: Early table checksum verification disabled
[    0.000000] ACPI: RSDP 0x00000000000E0000 000024 (v02 VBOX  )
[    0.000000] ACPI: XSDT 0x0000000018FF0030 00003C (v01 VBOX   VBOXXSDT 00000001 ASL  00000061)
[    0.000000] ACPI: FACP 0x0000000018FF00F0 0000F4 (v04 VBOX   VBOXFACP 00000001 ASL  00000061)
[    0.000000] ACPI: DSDT 0x0000000018FF0470 0021FF (v02 VBOX   VBOXBIOS 00000002 INTL 20180105)
[    0.000000] ACPI: FACS 0x0000000018FF0200 000040
[    0.000000] ACPI: FACS 0x0000000018FF0200 000040
[    0.000000] ACPI: APIC 0x0000000018FF0240 00005C (v02 VBOX   VBOXAPIC 00000001 ASL  00000061)
[    0.000000] ACPI: SSDT 0x0000000018FF02A0 0001CC (v01 VBOX   VBOXCPUT 00000002 INTL 20180105)
[    0.000000] No NUMA configuration found
[    0.000000] Faking a node at [mem 0x0000000000000000-0x0000000018feffff]
[    0.000000] NODE_DATA(0) allocated [mem 0x18fc5000-0x18feffff]
[    0.000000] kvm-clock: cpu 0, msr 0:18f44001, primary cpu clock
[    0.000000] kvm-clock: Using msrs 4b564d01 and 4b564d00
[    0.000000] kvm-clock: using sched offt of 3501014893 cycles
[    0.000000] clocksource: kvm-clock: mask: 0xffffffffffffffff max_cycles: 0x1cd42e4dffb, max_idle_ns: 881590591483 ns
[    0.000000] Zone ranges:
[    0.000000]   DMA      [mem 0x0000000000001000-0x0000000000ffffff]
[    0.000000]   DMA32    [mem 0x0000000001000000-0x0000000018feffff]
[    0.000000]   Normal   empty
[    0.000000]   Device   empty
[    0.000000] Movable zone start for each node
[    0.000000] Early memory node ranges
[    0.000000]   node   0: [mem 0x0000000000001000-0x000000000009efff]
[    0.000000]   node   0: [mem 0x0000000000100000-0x0000000018feffff]
[    0.000000] Initmem setup node 0 [mem 0x0000000000001000-0x0000000018feffff]
[    0.000000] Reserved but unavailable: 98 pages
[    0.000000] ACPI: PM-Timer IO Port: 0x4008
[    0.000000] IOAPIC[0]: apic_id 2, version 32, address 0xfec00000, GSI 0-23
[    0.000000] ACPI: INT_SRC_OVR (bus 0 bus_irq 0 global_irq 2 dfl dfl)
[    0.000000] ACPI: INT_SRC_OVR (bus 0 bus_irq 9 global_irq 9 low level)
[    0.000000] Using ACPI (MADT) for SMP configuration information
[    0.000000] smpboot: Allowing 2 CPUs, 0 hotplug CPUs
[    0.000000] PM: Registered nosave memory: [mem 0x00000000-0x00000fff]
[    0.000000] PM: Registered nosave memory: [mem 0x0009f000-0x0009ffff]
[    0.000000] PM: Registered nosave memory: [mem 0x000a0000-0x000effff]
[    0.000000] PM: Registered nosave memory: [mem 0x000f0000-0x000fffff]
[    0.000000] e820: [mem 0x19000000-0xfebfffff] available for PCI devices
[    0.000000] Booting paravirtualized kernel on KVM
[    0.000000] clocksource: refined-jiffies: mask: 0xffffffff max_cycles: 0xffffffff, max_idle_ns: 7645519600211568 ns
[    0.000000] random: get_random_bytes called from start_kernel+0x99/0x4fd with crng_init=0
[    0.000000] setup_percpu: NR_CPUS:8192 nr_cpumask_bits:2 nr_cpu_ids:2 nr_node_ids:1
[    0.000000] percpu: Embedded 46 pages/cpu @        (ptrval) s151552 r8192 d28672 u1048576
[    0.000000] PV qspinlock hash table entries: 256 (order: 0, 4096 bytes)
[    0.000000] Built 1 zonelists, mobility grouping on.  Total pages: 100665
[    0.000000] Policy zone: DMA32
[    0.000000] Kernel command line: BOOT_IMAGE=/boot/vmlinuz-4.15.0-32-generic root=LABEL=cloudimg-rootfs ro console=tty1 console=ttyS0
[    0.000000] Memory: 352836K/409144K available (12300K kernel code, 2470K rwdata, 4244K rodata, 2408K init, 2416K bss, 56308K reserved, 0K cma-reserved)
[    0.000000] SLUB: HWalign=64, Order=0-3, MinObjects=0, CPUs=2, Nodes=1
[    0.000000] Kernel/User page tables isolation: enabled
[    0.000000] ftrace: allocating 39116 entries in 153 pages
[    0.004000] Hierarchical RCU implementation.
[    0.004000] 	RCU restricting CPUs from NR_CPUS=8192 to nr_cpu_ids=2.
[    0.004000] 	Tasks RCU enabled.
[    0.004000] RCU: Adjusting geometry for rcu_fanout_leaf=16, nr_cpu_ids=2
[    0.004000] NR_IRQS: 524544, nr_irqs: 440, preallocated irqs: 16
[    0.004000] Console: colour VGA+ 80x25
[    0.004000] console [tty1] enabled
[    0.004000] console [ttyS0] enabled
[    0.004000] ACPI: Core revision 20170831
[    0.004000] ACPI: 2 ACPI AML tables successfully acquired and loaded
[   0.004000] APIC: Switch to symmetric I/O mode setup
[    0.004284] x2apic enabled
[    0.008005] Switched APIC routing to physical x2apic.
[    0.010236] ..TIMER: vector=0x30 apic1=0 pin1=2 apic2=-1 pin2=-1
[    0.012009] tsc: Detected 2594.106 MHz processor
[    0.016017] Calibrating delay loop (skipped) preset value.. 5188.21 BogoMIPS (lpj=10376424)
[    0.020011] pid_max: default: 32768 minimum: 301
[    0.024064] Security Framework initialized
[    0.028011] Yama: becoming mindful.
[    0.032050] AppArmor: AppArmor initialized
[    0.036144] Dentry cache hash table entries: 65536 (order: 7, 524288 bytes)
[    0.040062] Inode-cache hash table entries: 32768 (order: 6, 262144 bytes)
[    0.044039] Mount-cache hash table entries: 1024 (order: 1, 8192 bytes)
[    0.048021] Mountpoint-cache hash table entries: 1024 (order: 1, 8192 bytes)
[    0.049602] mce: CPU supports 0 MCE banks
[    0.050430] Last level iTLB entries: 4KB 512, 2MB 8, 4MB 8
[    0.052003] Last level dTLB entries: 4KB 512, 2MB 32, 4MB 32, 1GB 0
[    0.053250] Spectre V2 : Mitigation: Full generic retpoline
[    0.054328] Speculative Store Bypass: Vulnerable
[    0.056108] Freeing SMP alternatives memory: 36K
[    0.060000] smpboot: CPU0: Intel(R) Core(TM) i5-3320M CPU @ 2.60GHz (family: 0x6, model: 0x3a, stepping: 0x9)
[    0.060110] Performance Events: unsupported p6 CPU model 58 no PMU driver, software events only.
[    0.064093] Hierarchical SRCU implementation.
[    0.068597] NMI watchdog: Perf event create on CPU 0 failed with -2
[    0.071269] NMI watchdog: Perf NMI watchdog permanently disabled
[    0.072075] smp: Bringing up secondary CPUs ...
[    0.076146] x86: Booting SMP configuration:
[    0.080012] .... node  #0, CPUs:      #1
[    0.004000] kvm-clock: cpu 1, msr 0:18f44041, secondary cpu clock
[    0.004000] mce: CPU supports 0 MCE banks
[    0.250050] smp: Brought up 1 node, 2 CPUs
[    0.252008] smpboot: Max logical packages: 1
[    0.252844] smpboot: Total of 2 processors activated (10376.42 BogoMIPS)
[    0.256161] devtmpfs: initialized
[    0.260061] x86/mm: Memory block size: 128MB
[    0.261063] evm: security.selinux
[    0.264005] evm: security.SMACK64
[    0.264685] evm: security.SMACK64EXEC
[    0.268008] evm: security.SMACK64TRANSMUTE
[    0.268823] evm: security.SMACK64MMAP
[    0.272003] evm: security.apparmor
[    0.276004] evm: security.ima
[    0.280008] evm: security.capability
[    0.280804] clocksource: jiffies: mask: 0xffffffff max_cycles: 0xffffffff, max_idle_ns: 7645041785100000 ns
[    0.284023] futex hash table entries: 512 (order: 3, 32768 bytes)
[    0.285256] pinctrl core: initialized pinctrl subsystem
[    0.288134] RTC time:  9:24:35, date: 08/23/18
[    0.289218] NET: Registered protocol family 16
[    0.292082] audit: initializing netlink subsys (disabled)
[    0.296044] audit: type=2000 audit(1535016276.731:1): state=initialized audit_enabled=0 res=1
[    0.436015] cpuidle: using governor ladder
[    0.440021] cpuidle: using governor menu
[    0.444098] ACPI: bus type PCI registered
[    0.448008] acpiphp: ACPI Hot Plug PCI Controller Driver version: 0.5
[    0.452121] PCI: Using configuration type 1 for base access
[    0.456774] HugeTLB registered 2.00 MiB page size, pre-allocated 0 pages
[    0.460134] ACPI: Added _OSI(Module Device)
[    0.464010] ACPI: Added _OSI(Processor Device)
[    0.464903] ACPI: Added _OSI(3.0 _SCP Extensions)
[    0.465825] ACPI: Added _OSI(Processor Aggregator Device)
[    0.466853] ACPI: Added _OSI(Linux-Dell-Video)
[    0.468290] ACPI: Executed 1 blocks of module-level executable AML code
[    0.476900] ACPI: Interpreter enabled
[    0.478814] ACPI: (supports S0 S5)
[    0.479522] ACPI: Using IOAPIC for interrupt routing
[    0.480325] PCI: Using host bridge windows from ACPI; if necessary, use "pci=nocrs" and report a bug
[    0.484193] ACPI: Enabled 2 GPEs in block 00 to 07
[    0.495423] ACPI: PCI Root Bridge [PCI0] (domain 0000 [bus 00-ff])
[    0.496021] acpi PNP0A03:00: _OSC: OS supports [ASPM ClockPM Segments MSI]
[    0.500064] acpi PNP0A03:00: _OSC: not requesting OS control; OS requires [ExtendedConfig ASPM ClockPM MSI]
[    0.504027] acpi PNP0A03:00: fail to add MMCONFIG information, can't access extended PCI configuration space under this bridge.
[    0.508385] PCI host bridge to bus 0000:00
[    0.512011] pci_bus 0000:00: root bus resource [io  0x0000-0x0cf7 window]
[    0.516007] pci_bus 0000:00: root bus resource [io  0x0d00-0xffff window]
[    0.520020] pci_bus 0000:00: root bus resource [mem 0x000a0000-0x000bffff window]
[    0.524018] pci_bus 0000:00: root bus resource [mem 0x19000000-0xfdffffff window]
[    0.528018] pci_bus 0000:00: root bus resource [bus 00-ff]
[    0.536862] pci 0000:00:01.1: legacy IDE quirk: reg 0x10: [io  0x01f0-0x01f7]
[    0.540014] pci 0000:00:01.1: legacy IDE quirk: reg 0x14: [io  0x03f6]
[    0.544011] pci 0000:00:01.1: legacy  DE quirk: reg 0x18: [io  0x0170-0x0177]
[    0.548012] pci 0000:00:01.1: legacy IDE quirk: reg 0x1c: [io  0x0376]
[    0.566666] pci 0000:00:07.0: quirk: [io  0x4000-0x403f] claimed by PIIX4 ACPI
[    0.568042] pci 0000:00:07.0: quirk: [io  0x4100-0x410f] claimed by PIIX4 SMB
[    0.581270] ACPI: PCI Interrupt Link [LNKA] (IRQs 5 9 10 *11)
[    0.584332] ACPI: PCI Interrupt Link [LNKB] (IRQs 5 9 *10 11)
[    0.588131] ACPI: PCI Interrupt Link [LNKC] (IRQs 5 *9 10 11)
[    0.592134] ACPI: PCI Interrupt Link [LNKD] (IRQs 5 9 10 *11)
[    0.596466] SCSI subsystem initialized
[    0.600083] pci 0000:00:02.0: vgaarb: setting as boot VGA device
[    0.604000] pci 0000:00:02.0: vgaarb: VGA device added: decodes=io+mem,owns=io+mem,locks=none
[    0.604007] pci 0000:00:02.0: vgaarb: bridge control possible
[    0.608003] vgaarb: loaded
[    0.610047] ACPI: bus type USB registered
[    0.612053] usbcore: registered new interface driver usbfs
[    0.616016] usbcore: registered new interface driver hub
[    0.617111] usbcore: registered new device driver usb
[    0.620107] EDAC MC: Ver: 3.0.0
[    0.628048] PCI: Using ACPI for IRQ routing
[    0.632297] NetLabel: Initializing
[    0.636003] NetLabel:  domain hash size = 128
[    0.636902] NetLabel:  protocols = UNLABELED CIPSOv4 CALIPSO
[    0.638055] NetLabel:  unlabeled traffic allowed by default
[    0.640126] clocksource: Switched to clocksource kvm-clock
[    0.653888] VF Dk ot dot.6
[    1.037795] VFS: Dquot-cache hash table entries: 512 (order 0, 4096 bytes)
[  1.250385] AppArmr:ppmoFisyemnaed[  1374]npPnAC it  2.5894] pnp: PnP ACPI: found 3 devices
[  230951] clocksource: acpi_pm: mask: 0xffffff max_cycles: 0xfffff, x_les:08014 
  2.908]NE: egstered protocol family 2
[    3.029608] TCP established hash table entries: 4096 (order: 3, 32768 bytes)
[   0940TCbind hash table entries: 4096 (order: 4, 65536 bte
  3.14] P:astaesongud stlied09bind 4096)
[   4.210753] UDP hash table entries: 256 (order: 1, 8192 bytes)
[    4.249917] UDP-Lite hash table entries: 256 (order: 1, 8192 bytes)
[    4.251140] NET: Registered protocolamily 1
  4.01] i 00000. Litg re P/P tnsrs[  5480] pci 0000:00:01.0: Activating ISA DMA hang workarounds
[  5405]ci00002.: Video device with shadowed ROM at [mem 0x000c0000-0x000dffff]
[   .9379]Unacing iniams..
[    6.438278] Freeing initrd memory: 18964K
[    6.444584] platform rtc_cmos: registered platform RTC device (no PNP device found)
[    6.449551] Scanning for low memory corruption every 60 seconds
[    6.451574] Initialise system trusted keyrings
[    6.464325] Key type blacklist registered
[    6.524622] workingset: timestamp_bits=36 max_order=17 bucket_order=0
[    6.531868] zbud: loaded
[    6.533974] squashfs: version 4.0 (2009/01/31) Phillip Lougher
[    6.541291] fuse init (API version 7.26)
[    6.552351] Key type asymmetric registered
[    6.560689] Asymmetric key parser 'x509' registered
[    6.561737] Block layer SCSI generic (bsg) driver version 0.4 loaded (major 246)
[    6.563391] io scheduler noop registered
[    6.565343] io scheduler deadline registered
[    6.566294] io scheduler cfq registered (default)
[    6.569391] ACPI: AC Adapter [AC] (off-line)
[    6.576894] input: Power Button as /devices/LNXSYSTM:00/LNXPWRBN:00/input/input0
[    6.581564] ACPI: Power Button [PWRF]
[    6.584873] input: Sleep Button as /devices/LNXSYSTM:00/LNXSLPBN:00/input/input1
[    6.587468] ACPI: Sleep Button [SLPF]
[    6.597819] ACPI: Battery Slot [BAT0] (battery present)
[    6.601816] Serial: 25160 rir,2 rt I sri ebl
  7.224057] 00:02: ttyS0 at I/O 0x38 rq 4 be_aud = 115200) is a 16550A
[    7.6210] c:efedSCclocoucecaibatn:25.399MH

[    8.238881] clocksource: tsc: mask: 0xffffffffffffffff max_cycles: 0x25659131617, max_idle_ns: 440795293204 ns
[    8.241337] Linux agpgart interface v0.103
[    8.320349] loop: module loaded
[    8.361014] scsi host0: ata_piix
[    8.370791] scsi host1: ata_piix
[    8.373662] ata1: PATA max UDMA/33 cmd 0x1f0 ctl 0x3f6 bmdma 0xd000 irq 14
[    8.378902] ata2: PATA max UDMA/33 cmd 0x170 ctl 0x376 bmdma 0xd008 irq 15
[    8.382220] libphy: Fixed MDIO Bus: probed
[    8.560191] tun: Universal TUN/TAP device driver, 1.6
[    8.622077] PPP generic driver version 2.4.2
[    8.626383] ehci_hcd: USB 2.0 'Enhanced' Host Controller (EHCI) Driver
[    8.630474] ehci-pci: EHCI PCI platform driver
[    8.631396] ehci-platform: EHCI generic platform driver
[    8.633560] ohci_hcd: USB 1.1 'Open' Host Controller (OHCI) Driver
[    8.639132] ohci-pci: OHCI PCI platform driver
[    8.641563] ohci-platform: OHCI generic platform driver
[    8.646981] uhci_hcd: USB Universal Host Controller Interface driver
[    8.690336] i8042: PNP: PS/2 Controller [PNP0303:PS2K,PNP0f03:PS2M] at 0x60,0x64 irq 1,12
[    8.701358] serio: i8042 KBD port at 0x60,0x64 irq 1
[    8.707015] serio: i8042 AUX port at 0x60,0x64 irq 12
[    8.708159] mousedev: PS/2 mouse device common for all mice
[    8.711275] input: AT Translated Set 2 keyboard as /devices/platform/i8042/serio0/input/input2
[    8.714786] rtc_cmos rtc_cmos: rtc core: registered rtc_cmos as rtc0
[    8.774086] rtc_cmos rtc_cmos: alarms up to one day, 114 bytes nvram
[    8.777256] i2c /dev entries driver
[    8.780677] device-mapper: uevent: version 1.0.3
[    8.785189] device-mapper: ioctl: 4.37.0-ioctl (2017-09-20) initialised: dm-devel@redhat.com
[    8.789823] ledtrig-cpu: registered to indicate activity on CPUs
[    8.797533] NET: Registered protocol family 10
[    8.806584] Segment Routing with IPv6[    8.849595] NET: Registered protocol family 17
[    8.885711] Key type dns_resolver registered
[    8.889342] RAS: Correctable Errors collector initialized.
[    8.893152] sched_clock: Marking stable (8893119956, 0)->(13062689039, -4169569083)
[    8.895412] registered taskstats version 1
[    8.897391] Loading compiled-in X.509 certificates
[    8.904718] Loaded X.509 cert 'Build time autogenerated kernel key: cfed0c3f90bc86a77e51937f71922b89c4c6bbd5'
[    8.921465] zswap: loaded using pool lzo/zbud
[    8.962968] Key type big_key registered
[    8.992421] Key type trusted registered
[    9.096762] Key type encrypted registered
[    9.104931] AppArmor: AppArmor sha1 policy hashing enabled
[    9.106048] ima: No TPM chip found, activating TPM-bypass! (rc=-19)
[    9.107342] evm: HMAC attrs: 0x1
[    9.114707]   Magic number: 14:69:425
[    9.120751] rtc_cmos rtc_cmos: setting system clock to 2018-08-23 09:24:44 UTC (1535016284)
[    9.125909] BIOS EDD facility v0.16 2004-Jun-25, 0 devices found
[    9.133170] EDD information not available.
[    9.137446] Freeing unused kernel memory: 2408K
[    9.164190] Write protecting the kernel read-only data: 20480k
[    9.209643] Freeing unused kernel memory: 2008K
[    9.224250] Freeing unused kernel memory: 1900K
[    9.327395] x86/mm: Checked W+X mappings: passed, no W+X pages found.
[    9.341529] x86/mm: Checking user space page tables
[    9.348179] x86/mm: Checked W+X mappings: passed, no W+X pages found.
Loading, please wait...
starting version 237
[    9.441045] Fusion MPT base driver 3.04.20
[    9.560172] Copyright (c) 1999-2008 LSI Corporation
[    9.705166] e1000: Intel(R) PRO/1000 Network Driver - version 7.3.21-k8-NAPI
[    9.720865] e1000: Copyright (c) 1999-2006 Intel Corporation.
[    9.758537] Fusion MPT SPI Host driver 3.04.20
[    9.892271] AVX version of gcm_enc/dec engaged.
[    9.911862] AES CTR mode by8 optimization enabled
[    9.958638] input: ImExPS/2 Generic Explorer Mouse as /devices/platform/i8042/serio1/input/input4
[   10.255286] e1000 0000:00:03.0 eth0: (PCI:33MHz:32-bit) 02:c2:37:ec:7d:b2
[   10.420262] e1000 0000:00:03.0 eth0: Intel(R) PRO/1000 Network Connection
[   10.521308] mptbase: ioc0: Initiating bringup
[   11.208548] ioc0: LSI53C1030 A0: Capabilities={Initiator}
[   11.663111] scsi host2: ioc0: LSI53C1030 A0, FwRev=00000000h, Ports=1, MaxQ=256, IRQ=20
[   12.101972] scsi 2:0:0:0: Direct-Access     VBOX     HARDDISK         1.0  PQ: 0 ANSI: 5
[   12.460187] scsi target2:0:0: Beginning Domain Validation
[   12.492570] e1000 0000:00:08.0 eth1: (PCI:33MHz:32-bit) 08:00:27:c0:2d:c5
[   12.561492] e1000 0000:00:08.0 eth1: Intel(R) PRO/1000 NNtwork Connection
[   12.622546] e1000 0000:00:08.0 enp0s8: renamed from eth1
[   12.670644] scsi target2:0:0: Domain Validation skipping write tests
[   12.670645] scsi target2:0:0: Ending Domain Validation
[   12.670690] scsi target2:0:0: asynchronous
[   12.671067] scsi 2:0:1:0: Direct-Access     VBOX     HARDDISK         1.0  PQ: 0 ANSI: 5
[   12.760559] e1000 0000:00:03.0 enp0s3: renamed from eth0
[   12.839308] scsi target2:0:1: Beginning Domain Validation
[   12.950704] random: fast init done
[   13.072721] scsi target2:0:1: Domain Validation skipping write tests
[   13.310252] scsi target2:0:1: Ending Domain Validation
[   13.351402] random: systemd-udevd: uninitialized urandom read (16 bytes read)
[   13.351406] random: systemd-udevd: uninitialized urandom read (16 bytes read)
[   13.351693] scsi target2:0:1: asynchronous
[   13.352396] random: systemd-udevd: uninitialized urandom read (16 bytes read)
[   13.356510] random: systemd-udevd: uninitialized urandom read (16 bytes read)
[   13.356529] random: systemd-udevd: uninitialized urandom read (16 bytes read)
[   13.356532] random: systemd-udevd: uninitialized urandom read (16 bytes read)
[   13.356585] random: systemd-udevd: uninitialized urandom read (16 bytes read)
[   13.356594] random: systemd-udevd: uninitialized urandom read (16 bytes read)
[   13.356596] random: systemd-udevd: uninitialized urandom read (16 bytes read)
[   13.356699] random: systemd-udevd: uninitialized urandom read (16 bytes read)
[   13.357144] sd 2:0:0:0: [sda] 20971520 512-byte logical blocks: (10.7 GB/10.0 GiB)
[   13.357210] sd 2:0:0:0: [sda] Write Protect is off
[   13.357331] sd 2:0:0:0: [sda] Incomplete mode parameter data
[   13.357332] sd 2:0:0:0: [sda] Assuming drive cache: write through
[   13.432901] sd 2:0:0:0: Attached scsi generic sg0 type 0
[   13.433776] sd 2:0:1:0: Attached scsi generic sg1 type 0
[   13.434041] sd 2:0:1:0: [sdb] 20480 512-byte logical blocks: (10.5 MB/10.0 MiB)
[   13.434089] sd 2:0:1:0: [sdb] Write Protect is off
[   13.434182] sd 2:0:1:0: [sdb] Incomplete mode parameter data
[   13.434183] sd 2:0:1:0: [sdb] Assuming drive cache: write through
[   13.439541]  sda: sda1
[   13.440362] sd 2:0:0:0: [sda] Attached SCSI disk
[   13.441581] sd 2:0:1:0: [sdb] Attached SCSI disk
Begin: Loading essential drivers ... [   16.020026] raid6: sse2x1   gen()  9105 MB/s
[   16.076034] raid6: sse2x1   xor()  6595 MB/s
[   16.136036] raid6: sse2x2   gen() 10956 MB/s
[   16.188073] raid6: sse2x2   xor()  7210 MB/s
[   16.244036] raid6: sse2x4   gen() 12568 MB/s
[   16.296041] raid6: sse2x4   xor()  8501 MB/s
[   16.308850] raid6: using algorithm sse2x4 gen() 12568 MB/s
[   16.309971] raid6: .... xor() 8501 MB/s, rmw enabled
[   16.310933] raid6: using ssse3x2 recovery algorithm
[   16.322740] xor: automatically using best checksumming function   avx       
[   16.683091] async_tx: api initialized (async)
done.
Begin: Running /scripts/init-premount ... done.[   16.976943] Btrfs loaded, crc32c=crc32c-intel

Begin: Mounting root file system ... Begin: Running /scripts/local-top ... done.
Begin: Running /scripts/local-premount ... Scanning for Btrfs filesystems
done.
Warning: fs[   17.087102] EXT4-fs (sda1): mounted filesystem with ordered data mode. Opts: (null)
ck not present, so skipping root file system
done.
Begin: Running /scripts/local-bottom ... done.
Begin: Running /scripts/init-bottom ... done.
[   17.350149] ip_tables: (C) 2000-2006 Netfilter Core Team
[   17.772396] systemd[1]: systemd 237 running in system mode. (+PAM +AUDIT +SELINUX +IMA +APPARMOR +SMACK +SYSVINIT +UTMP +LIBCRYPTSETUP +GCRYPT +GNUTLS +ACL +XZ +LZ4 +SECCOMP +BLKID +ELFUTILS +KMOD -IDN2 +IDN -PCRE2 default-hierarchy=hybrid)
[   17.828468] systemd[1]: Detected virtualization oracle.
[   17.830922] systemd[1]: Detected architecture x86-64.

Welcome to [1mUbuntu 18.04.1 LTS[0m!

[   17.905310] systemd[1]: Set hostname to <ubuntu>.
[   17.964505] systemd[1]: Initializing machine ID from random generator.
[   17.981401] systemd[1]: Installed transient /etc/machine-id file.
[   18.281658] systemd[1]: Started Forward Password Requests to Wall Directory Watch.
[[0;32m  OK  [0m] Started Forward Password Requests to Wall Directory Watch.
[   18.556466] systemd[1]: Reached target Swap.
[[0;32m  OK  [0m] Reached target Swap.
[   18.607830] systemd[1]: Created slice System Slice.
[[0;32m  OK  [0m] Created slice System Slice.
[   18.630770] systemd[1]: Listening on LVM2 poll daemon socket.
[[0;32m  OK  [0m] Listening on LVM2 poll daemon socket.
[[0;32m  OK  [0m] Listening on Syslog Socket.
[[0;32m  OK  [0m] Listening on /dev/initctl Compatibility Named Pipe.
[[0;32m  OK  [0m] Listening on LVM2 metadata daemon socket.
[[0;32m  OK  [0m] Listening on udev Kernel Socket.
[[0;32m  OK  [0m] Listening on Device-mapper event daemon FIFOs.
[[0;32m  OK  [0m] Listening on Journal Audit Socket.
[[0;32m  OK  [0m] Set up automount Arbitrary Executab…rmats File System Automount Point.
[[0;32m  OK  [0m] Reached target System Time Synchronized.
[[0;32m  OK  [0m] Listening on Journal Socket.
         Starting Monitoring of LVM2 mirrors…ng dmeventd or progress polling...
         Starting Uncomplicated firewall...
         Mounting Kernel Debug File System...
         Starting Remount Root and Kernel File S[   18.992668] EXT4-fs (sda1): re-mounted. Opts: (null)
ystems...
         Mounting POSIX Message Queue File System...
         Starting Load Kernel Mo[   19.183293] Loading iSCSI transport class v2.0-870.
dules...
[   19.349042] iscsi: registered transport (tcp)
         Starting Set the console keyboard layout...
[   19.380261] iscsi: registered transport (iser)
[[0;32m  OK  [0m] Listening on udev Control Socket.
         Starting udev Coldplug all Devices...
         Mounting Huge Pages File System...
[[0;32m  OK  [0m] Created slice User and Session Slice.
[[0;32m  OK  [0m] Reached target Slices.
[[0;32m  OK  [0m] Listening on Network Service Netlink Socket.
[[0;32m  OK  [0m] Reached target User and Group Name Lookups.
         Starting Create list of required st…ce nodes for the current kernel...
[[0;32m  OK  [0m] Created slice system-serial\x2dgetty.slice.
[[0;32m  OK  [0m] Listening on Journal Socket (/dev/log).
         Starting Journal Service...
[[0;32m  OK  [0m] Started Uncomplicated firewall.
[[0;32m  OK  [0m] Started Journal Service.
[[0;32m  OK  [0m] Mounted Kernel Debug File System.
[[0;32m  OK  [0m] Started Remount Root and Kernel File Systems.
[[0;32m  OK  [0m] Mounted POSIX Message Queue File System.
[[0;32m  OK  [0m] Started Load Kernel Modules.
[[0;32m  OK  [0m] Started Set the console keyboard layout.
[[0;32m  OK  [0m] Mounted Huge Pages File System.
[[0;32m  OK  [0m] Started Create list of required sta…vice nodes for the current kernel.
[[0;32m  OK  [0m] Started udev Coldplug all Devices.
[[0;32m  OK  [0m] Started LVM2 metadata daemon.
         Starting Create Static Device Nodes in /dev...
[   20.060126] random: crng init done
         Mounting Kernel Configuration File System...
         Starting Apply Kernel Variables...
         Mounting FUSE Control File System...
         Starting Load/Save Random Seed...
         Starting Initial cloud-init job (pre-networking)...
         Starting Flush Journal to Persistent Storage...
[[0;32m  OK  [0m] Started Monitoring of LVM2 mirrors,…sing dmeventd or progress polling.
[[0;32m  OK  [0m] Started Create Static Device Nodes in /dev.
[[0;32m  OK  [0m] Mounted Kernel Configuration File System.
[[0;32m  OK  [0m] Started Apply Kernel Variables.
[[0;32m  OK  [0m] Mounted FUSE Control File System.
[[0;32m  OK  [0m] Started Load/Save Random Seed.
         Starting udev Kernel Device Manager...
[[0;32m  OK  [0m] Reached target Local File Systems (Pre).
[[0;32m  OK  [0m] Reached target Local File Systems.
         Starting Commit a transient machine-id on disk...
         Starting Set console font and keymap...
         Starting Tell Plymouth To Write Out Runtime Data...
         Starting ebtables ruleset management...
         Starting AppArmor initialization...
[[0;32m  OK  [0m] Started udev Kernel Device Manager.
[[0;32m  OK  [0m] Started Commit a transient machine-id on disk.
[[0;32m  OK  [0m] Started Set console font and keymap.
[[0;32m  OK  [0m] Started Tell Plymouth To Write Out Runtime Data.
[[0;32m  OK  [0m] Started Flush Journal to Persistent Storage.
[[0;32m  OK  [0m] Started ebtables ruleset management.
[[0;32m  OK  [0m] Found device /dev/ttyS0.
[[0;32m  OK  [0m] Listening on Load/Save RF Kill Switch Status /dev/rfkill Watch.
         Starting Create Volatile Files and Directories...
[[0;32m  OK  [0m] Started Dispatch Password Requests to Console Directory Watch.
[[0;32m  OK  [0m] Reached target Local Encrypted Volumes.
[[0;32m  OK  [0m] Started Create Volatile Files and Directories.
         Starting Update UTMP about System Boot/Shutdown...
[[0;32m  OK  [0m] Started Update UTMP about System Boot/Shutdown.
[[0;32m  OK  [0m] Started AppArmor initialization.
[   22.724581] cloud-init[409]: Cloud-init v. 18.3-9-g2e62cb8a-0ubuntu1~18.04.2 running 'init-local' at Thu, 23 Aug 2018 09:24:57 +0000. Up 22.16 seconds.
[[0;32m  OK  [0m] Started Initial cloud-init job (pre-networking).
[[0;32m  OK  [0m] Reached target Network (Pre).
         Starting Network Service...
[[0;32m  OK  [0m] Started Network Service.
         Starting Network Name Resolution...
         Starting Wait for Network to be Configured...
[[0;32m  OK  [0m] Started Network Name Resolution.
[[0;32m  OK  [0m] Reached target Network.
[[0;32m  OK  [0m] Reached target Host and Network Name Lookups.
[[0;32m  OK  [0m] Started Wait for Network to be Configured.
         Starting Initial cloud-init job (metadata service crawler)...
[   26.963688] cloud-init[633]: Cloud-init v. 18.3-9-g2e62cb8a-0ubuntu1~18.04.2 running 'init' at Thu, 23 Aug 2018 09:25:00 +0000. Up 25.46 seconds.
[[0;32m  OK  [0m] Started Initial cloud-init job (metadata service crawler).
[   27.102118] cloud-init[633]: ci-info: ++++++++++++++++++++++++++++++++++++++Net device info+++++++++++++++++++++++++++++++++++++++
[[0;32m  OK  [0m] Reached target System Initialization.
[   27.189392] cloud-init[633]: ci-info: +--------+-------+----------------------------+---------------+--------+-------------------+
[[0;32m  OK  [0m] Started ACPI Events Check.
[   27.264766] [cloud-init[0;32m  OK  [0m[633]: ] ci-info: | Device |   Up  |          Address           |      Mask     | Scope  |     Hw-Address    |Reached target Paths.

[[0;32m  OK  [0m] Started Message of the Day.
[   27.368768] [[0;32m  OK  [0mcloud-init] [633]: Listening on ACPID Listen Socket.ci-info: +--------+-------+----------------------------+---------------+--------+-------------------+

[[0;32m  OK  [0m] Started Discard unused blocks once a week.
[   27.472740] cloud-init[633]: ci-info: | enp0s3 |  True |         10.0.2.15          | 255.255.255.0 | global | 02:c2:37:ec:7d:b2 |
[   27.572391] cloud-init[633]: ci-info: | enp0s3 |  True | fe80::c2:37ff:feec:7db2/64 |       .       |  link  | 02:c2:37:ec:7d:b2 |
         Starting LXD - unix socket.
[   27.614271] [[0;32m  OK  [0m] Listening on UUID daemon activation socket.
[[0;32m  OK  [0m] Started Daily apt download activities.
cloud-init[633]: ci-info: | enp0s8 | False |             .              |       .       |   .    | 08:00:27:c0:2d:c5 |
[[0;32m  OK  [0m] Started Daily apt upgrade and clean activities.
[   27.780863] [cloud-init[0;32m  OK  [0m[633]: ] ci-info: |   lo   |  True |         127.0.0.1          |   255.0.0.0   |  host  |         .         |Started Daily Cleanup of Temporary Directories.

[[0;32m  OK  [0m] Reached target Timers.
[   27.928723] cloud-init[633]: ci-info: |   lo   |  True |          ::1/128           |       .       |  host  |         .         |
         Starting Socket activation for snappy daemon.
[   28.024687] [[0;32m  OK  [0m] Listening on D-Bus System Message Bus Socket.
[[0;32m  OK  [0m] Reached target Cloud-config availability.
[[0;32m  OK  [0m] Reached target Network is Online.
cloud-init[633]: ci-info: +--------+-------+----------------------------+---------------+--------+-------------------+
         Starting iSCSI initiator daemon (iscsid)...
[   28.086420] [cloud-init[0;32m  OK  [0m[633]: ] ci-info: ++++++++++++++++++++++++++++Route IPv4 info+++++++++++++++++++++++++++++Listening on LXD - unix socket.

[[0;32m  OK  [0m] Listening on Socket activation for snappy daemon.
[   28.180893] cloud-init[633]: ci-info: +-------+-------------+----------+-----------------+-----------+-------+
[[0;32m  OK  [0m] Reached target Sockets.
[   28.296921] [cloud-init[0;32m  OK  [0m[633]: ] ci-info: | Route | Destination | Gateway  |     Genmask     | Interface | Flags |Reached target Basic System.

         Starting Dispatcher daemon for systemd-networkd...
[   28.520953] cloud-init[633]: ci-info: +-------+-------------+----------+-----------------+-----------+-------+
         Starting LSB: Record successful boot for GRUB...
[   28.624605] cloud-init[633]: ci-info: |   0   |   0.0.0.0   | 10.0.2.2 |     0.0.0.0     |   enp0s3  |   UG  |
         Starting Login Service...
[   28.689044] cloud-init[633]: ci-info: |   1   |   10.0.2.0  | 0.0.0.0  |  255.255.255.0  |   enp0s3  |   U   |
[[0;32m  OK  [0m] Started D-Bus System Message Bus.
[   28.773026] cloud-init[633]: ci-info: |   2   |   10.0.2.2  | 0.0.0.0  | 255.255.255.255 |   enp0s3  |   UH  |
[[0;32m  OK  [0m] Started Login Service.
[   28.824595] cloud-init[633]: ci-info: +-------+-------------+----------+-----------------+-----------+-------+
[[0;32m  OK  [0m] Started FUSE filesystem for LXC.
[   28.888782] cloud-init[633]: ci-info: +++++++++++++++++++Route IPv6 info+++++++++++++++++++
[[0;32m  OK  [0m] Started Regular background program processing daemon.
[   28.962485] cloud-init[633]: ci-info: +-------+-------------+---------+-----------+-------+
         Starting System Logging Service...
[   29.012033] cloud-init[633]: ci-info: | Route | Destination | Gateway | Interface | Flags |
         Starting Virtualbox guest utils...
[   29.077972] cloud-init[633]: ci-info: +-------+-------------+---------+-----------+-------+
         Starting Pollinate to seed the pseudo random number generator...
[   29.137124] cloud-init[633]: ci-info: |   1   |  fe80::/64  |    ::   |   enp0s3  |   U   |
[   29.234542] cloud-init[633]: ci-info: |   3   |    local    |    ::   |   enp0s3  |   U   |
[   29.285289] cloud-init[633]: ci-info: |   4   |   ff00::/8  |    ::   |   enp0s3  |   U   |
[   29.288202] cloud-init[633]: ci-info: +-------+-------------+---------+-----------+-------+
[   29.294504] cloud-init[633]: Generating public/private rsa key pair.
[[0;32m  OK  [0m] Started irqbalance daemon.
[   29.348853] [cloud-init[0;32m  OK  [0m[633]: ] Your identification has been saved in /etc/ssh/ssh_host_rsa_key.Started Unattended Upgrades Shutdown.

         Starting Accounts Service...
[   29.417170] cloud-init[633]: Your public key has been saved in /etc/ssh/ssh_host_rsa_key.pub.
         Starting Snappy daemon...
[   29.473368] cloud-init[633]: The key fingerprint is:
[[0;32m  OK  [0m] Started Deferred execution scheduler.
         Starting LXD - container startup/shutdown...
[   29.524676] cloud-init[633]: SHA256:gwey3D23GsgKsYY4wSRlIAtPhDZYabWTv3noFAAesvQ root@ubuntu-bionic
[[   29.641065] cloud-init[633]: The key's randomart image is:
[   29.641276] cloud-init[633]: +---[RSA 2048]----+
[0;32m  OK  [0m] Started Dispatcher daemon for systemd-networkd.
[   29.641459] cloud-init[633]: |**Oo.            |
[[   29.774407] cloud-init[633]: |*%+o o           |
[   29.774554] cloud-init[633]: |=o+E* .          |
[0;32m  OK  [0m] Started System Logging Service.
[   29.774928] cloud-init[633]: |+  . B +         |
[[   29.849644] cloud-init[633]: |... o = S .      |
[   29.849930] cloud-init[633]: |.o o . B + .     |
[   29.850409] cloud-init[633]: |+ +   B o .      |
[   29.850924] cloud-init[0;32m  OK  [0m[633]: ] | o . + . o       |Started Snappy daemon.

[[0;32m  OK  [0m[   29.880606] ] cloud-initStarted iSCSI initiator daemon (iscsid).[633]: 
|    . . .        |
[[   29.944302] cloud-init[633]: +----[SHA256]-----+
[   29.944514] cloud-init[633]: Generating public/private dsa key pair.
[0;32m  OK  [0m] Started LXD - container startup/shutdown.
[   29.944726] cloud-init[633]: Your identification has been saved in /etc/ssh/ssh_host_dsa_key.
         [   30.065589] Starting Authorization Manager...cloud-init
[633]: Your public key has been saved in /etc/ssh/ssh_hhst_dsa_key.pub.
[[0;32m  OK  [0m[   30.120471] cloud-init[633]: The key fingerprint is:
] Reached target Remote File Systems (Pre).
[   30.139474] cloud-init[633]: SHA256:WdRUGQI/L4nzDOdxXCvmQuO9oy3H5q/v+MefGrObdYA root@ubuntu-bionic
[   30.236532] cloud-init[633]: The key's randomart image is:
[[   30.280362] cloud-init[633]: +---[DSA 1024]----+
[   30.280595] cloud-init[633]: |          o+o.oo |
[0;32m  OK  [0m] Reached target Remote File Systems.
[   30.280757] cloud-init[633]: |         . ....  |
         [   30.368414] Starting Permit User Sessions...cloud-init
[633]: |          . o   .|
         [   30.425487] Starting LSB: automatic crash report generation...cloud-init
[633]: |         o . * ..|
[   30.429025] cloud-init[633]: |        S +oEo=. |
         [   30.448460] Starting Availability of block devices...cloud-init
[633]: |          oB=+.. |
         [   30.496453] Starting Wait until snapd is fully seeded...cloud-init
[633]: |           o== o.|
[[   30.562256] cloud-init[633]: |           .o=O =|
[   30.562422] cloud-init[633]: |           .*@X*+|
[0;32m  OK  [0m] Started LSB: Record successful boot for GRUB.
[   30.562596] cloud-init[633]: +----[SHA256]-----+
[[   30.624412] cloud-init[633]: Generating public/private ecdsa key pair.
[   30.624597] cloud-init[633]: Your identification has been saved in /etc/ssh/ssh_host_ecdsa_key.
[0;32m  OK  [0m] Started Virtualbox guest utils.
[   30.624742] cloud-init[633]: Your public key has been saved in /etc/ssh/ssh_host_ecdsa_key.pub.
[[   30.683336] cloud-init[633]: The key fingerprint is:
[   30.683600] cloud-init[633]: SHA256:gXtSpr1maYUIMlcN2Xwd580gASOmJ7N7X/PWHcQ9WvQ root@ubuntu-bionic
[   30.684129] cloud-init[633]: The key's randomart image is:
[   30.684587] cloud-init[633]: +---[ECDSA 256]---+
[   30.684873] cloud-init[633]: |      o*o oo+oo  |
[   30.685067] cloud-init[633]: |     ..++....+ = |
[   30.685298] cloud-init[633]: |  o o = =.    + =|
[0;32m  OK  [0m] Started Permit User Sessions.
[   30.685630] cloud-init[633]: |   + . % o     =E|
[[0;32m  OK  [0m[   30.876633] ] cloud-initStarted Availability of block devices.[633]: 
|      * S .   + .|
[[   30.960521] cloud-init[633]: |       + +   . . |
[   30.960716] cloud-init[633]: |      . B   o  .o|
[   30.961195] cloud-init[633]: |       = . . o. o|
[0;32m  OK  [0m] Started Authorization Manager.
[   30.961649] cloud-init[633]: |          .  ..  |
[[0;32m  OK  [0m[   31.071483] cloud-init[633]: +----[SHA256]-----+] 
Started Accounts Service.
         [   31.106328] Starting Hold until boot process finishes up...cloud-init
[633]: Generating public/private ed25519 key pair.
         Starting Terminate Plymouth Boot Screen...
[   31.160550] cloud-init[633]: Your identification has been saved in /etc/ssh/ssh_host_ed25519_key.
[[   31.260351] cloud-init[633]: Your public key has been saved in /etc/ssh/ssh_host_ed25519_key.pub.
[   31.260621] cloud-init[633]: The key fingerprint is:
[0;32m  OK  [0m] Started LSB: automatic crash report generation.
[   31.262292] cloud-init[633]: SHA256:oJWVLIBso47C5rx06fxI3FMH7sxvAJHc+MUeyOXme1o root@ubuntu-bionic
[   31.412498] cloud-init[633]: The key's randomart image is:
[[   31.450733] cloud-init[633]: +--[ED25519 256]--+
[   31.450973] [0;32m  OK  [0mcloud-init] [633]: Started Hold until boot process finishes up.| . .o.=.=o       |

[[0;32m  OK  [0m[   31.540347] ] cloud-initStarted Terminate Plymouth Boot Screen.[633]: 
|  =  =.*++       |
         Starting Set console scheme...
[   31.595976] cloud-init[633]: | o .  *ooo.      |
[[   31.608390] cloud-init[633]: |.    +.o+.       |
[   31.608760] cloud-init[633]: |+   . .oSo       |
[0;32m  OK  [0m] Started Serial Getty on ttyS0.
[   31.608959] cloud-init[633]: |o+. o =.. .      |
[[   31.704422] cloud-init[633]: |=. = o +.. E     |
[   31.704676] cloud-init[633]: |.o= . . ..+      |
[0;32m  OK  [0m] Started Set console scheme.
[   31.705424] cloud-init[633]: | ..+..  .o       |
[[0;32m  OK  [0m[   31.779563] cloud-init[633]: +----[SHA256]-----+
] Created slice system-getty.slice.
[[0;32m  OK  [0m] Started Getty on tty1.
[[0;32m  OK  [0m] Reached target Login Prompts.

Ubuntu 18.04.1 LTS ubuntu-bionic ttyS0

ubuntu-bionic login: [   67.666270] cloud-init[1862]: Cloud-init v. 18.3-9-g2e62cb8a-0ubuntu1~18.04.2 running 'modules:config' at Thu, 23 Aug 2018 09:25:42 +0000. Up 66.79 seconds.
ci-info: no authorized ssh keys fingerprints found for user ubuntu.
<14>Aug 23 09:25:44 ec2: 
<14>Aug 23 09:25:44 ec2: #############################################################
<14>Aug 23 09:25:44 ec2: -----BEGIN SSH HOST KEY FINGERPRINTS-----
<14>Aug 23 09:25:44 ec2: 1024 SHA256:WdRUGQI/L4nzDOdxXCvmQuO9oy3H5q/v+MefGrObdYA root@ubuntu-bionic (DSA)
<14>Aug 23 09:25:44 ec2: 256 SHA256:gXtSpr1maYUIMlcN2Xwd580gASOmJ7N7X/PWHcQ9WvQ root@ubuntu-bionic (ECDSA)
<14>Aug 23 09:25:44 ec2: 256 SHA256:oJWVLIBso47C5rx06fxI3FMH7sxvAJHc+MUeyOXme1o root@ubuntu-bionic (ED25519)
<14>Aug 23 09:25:44 ec2: 2048 SHA256:gwey3D23GsgKsYY4wSRlIAtPhDZYabWTv3noFAAesvQ root@ubuntu-bionic (RSA)
<14>Aug 23 09:25:44 ec2: -----END SSH HOST KEY FINGERPRINTS-----
<14>Aug 23 09:25:44 ec2: #############################################################
-----BEGIN SSH HOST KEY KEYS-----
ecdsa-sha2-nistp256 AAAAE2VjZHNhLXNoYTItbmlzdHAyNTYAAAAIbmlzdHAyNTYAAABBBEuK1ndf8bRF4pbU758nVzaP7khVl6g33EE6sgoBWZqLjDxsV87psCI393ufXi2h24+B1T9PvFdVgKf3pNRO/vw= root@ubuntu-bionic
ssh-ed25519 AAAAC3NzaC1lZDI1NTE5AAAAIF59u/OGzJ3VUUlr7bBZTdcobv/KZM7p/YNZWaSwneJH root@ubuntu-bionic
ssh-rsa AAAAB3NzaC1yc2EAAAADAQABAAABAQDL5I+yFpBcdwOI6KMB3foInWlD2khM6LB2ANFVhKgrM66VR4gQxaoEt/WfCS7jdLhas+j/S2YzAaDB/PVZ+To6IqG5izbOPURjK0rkFi7fvQ7TVwGp6+N2VkC8r4XRHYId2gcMfe+bvMSr0k3x8z3FsJoHyQz7G9VDOi61JQNwwJ7uGjSU0nFDS7gURJk+fm0QRDqQ+e6KvdOfPiXeyYzv0A5KAxcw8FNdVtF7eew3ga3BJ1R0TkjR/B6BtmJrq79G7QC4vVB1V8vAoGlQiHbYGJ+t+VqYjKCBEJl3FZOOuNlsiSm+/jTU+4A/wGz7zhodLmiELbTckXlwytSZhwHP root@ubuntu-bionic
-----END SSH HOST KEY KEYS-----
[   69.055585] cloud-init[1905]: Cloud-init v. 18.3-9-g2e62cb8a-0ubuntu1~18.04.2 running 'modules:final' at Thu, 23 Aug 2018 09:25:43 +0000. Up 68.60 seconds.
[   69.055762] cloud-init[1905]: ci-info: no authorized ssh keys fingerprints found for user ubuntu.
[   69.055854] cloud-init[1905]: Cloud-init v. 18.3-9-g2e62cb8a-0ubuntu1~18.04.2 finished at Thu, 23 Aug 2018 09:25:44 +0000. Datasource DataSourceNoCloud [seed=/dev/sdb][dsmode=net].  Up 69.03 seconds
